<?xml version="1.0" encoding="UTF-8"?>
<!-- Generated by org.testng.reporters.JUnitXMLReporter -->
<testsuite ignored="7" hostname="DESKTOP-LNHUEEG" failures="1" tests="1" name="Default test" time="32.758" errors="0" timestamp="2023-12-21T14:54:46 EET">
  <testcase classname="MyTestCases" name="HotelTabSwitch" time="24.913">
    <failure type="java.lang.NumberFormatException" message="For input string: &amp;quot;1,189&amp;quot;">
      <![CDATA[java.lang.NumberFormatException: For input string: "1,189"
at java.base/java.lang.NumberFormatException.forInputString(NumberFormatException.java:67)
at java.base/java.lang.Integer.parseInt(Integer.java:668)
at java.base/java.lang.Integer.parseInt(Integer.java:786)
at MyTestCases.HotelTabSwitch(MyTestCases.java:227)
at java.base/jdk.internal.reflect.NativeMethodAccessorImpl.invoke0(Native Method)
at java.base/jdk.internal.reflect.NativeMethodAccessorImpl.invoke(NativeMethodAccessorImpl.java:77)
at java.base/jdk.internal.reflect.DelegatingMethodAccessorImpl.invoke(DelegatingMethodAccessorImpl.java:43)
at java.base/java.lang.reflect.Method.invoke(Method.java:568)
at org.testng.internal.MethodInvocationHelper.invokeMethod(MethodInvocationHelper.java:133)
at org.testng.internal.TestInvoker.invokeMethod(TestInvoker.java:598)
at org.testng.internal.TestInvoker.invokeTestMethod(TestInvoker.java:173)
at org.testng.internal.MethodRunner.runInSequence(MethodRunner.java:46)
at org.testng.internal.TestInvoker$MethodInvocationAgent.invoke(TestInvoker.java:824)
at org.testng.internal.TestInvoker.invokeTestMethods(TestInvoker.java:146)
at org.testng.internal.TestMethodWorker.invokeTestMethods(TestMethodWorker.java:146)
at org.testng.internal.TestMethodWorker.run(TestMethodWorker.java:128)
at java.base/java.util.ArrayList.forEach(ArrayList.java:1511)
at org.testng.TestRunner.privateRun(TestRunner.java:794)
at org.testng.TestRunner.run(TestRunner.java:596)
at org.testng.SuiteRunner.runTest(SuiteRunner.java:377)
at org.testng.SuiteRunner.runSequentially(SuiteRunner.java:371)
at org.testng.SuiteRunner.privateRun(SuiteRunner.java:332)
at org.testng.SuiteRunner.run(SuiteRunner.java:276)
at org.testng.SuiteRunnerWorker.runSuite(SuiteRunnerWorker.java:53)
at org.testng.SuiteRunnerWorker.run(SuiteRunnerWorker.java:96)
at org.testng.TestNG.runSuitesSequentially(TestNG.java:1212)
at org.testng.TestNG.runSuitesLocally(TestNG.java:1134)
at org.testng.TestNG.runSuites(TestNG.java:1063)
at org.testng.TestNG.run(TestNG.java:1031)
at org.testng.remote.AbstractRemoteTestNG.run(AbstractRemoteTestNG.java:115)
at org.testng.remote.RemoteTestNG.initAndRun(RemoteTestNG.java:251)
at org.testng.remote.RemoteTestNG.main(RemoteTestNG.java:77)
]]>
    </failure>
  </testcase> <!-- HotelTabSwitch -->
  <testcase classname="MyTestCases" name="checktheLanguage" time="0.0">
    <ignored/>
  </testcase> <!-- checktheLanguage -->
  <testcase classname="MyTestCases" name="checQitafLogoIsTher" time="0.0">
    <ignored/>
  </testcase> <!-- checQitafLogoIsTher -->
  <testcase classname="MyTestCases" name="ContactNumberCheck" time="0.0">
    <ignored/>
  </testcase> <!-- ContactNumberCheck -->
  <testcase classname="MyTestCases" name="CheckTheDateOfTheWebSite" time="0.0">
    <ignored/>
  </testcase> <!-- CheckTheDateOfTheWebSite -->
  <testcase classname="MyTestCases" name="ChangTheLanguageOfTheWebsiteRandomly" time="0.0">
    <ignored/>
  </testcase> <!-- ChangTheLanguageOfTheWebsiteRandomly -->
  <testcase classname="MyTestCases" name="CheckHotelTabIsNotSelectrd" time="0.0">
    <ignored/>
  </testcase> <!-- CheckHotelTabIsNotSelectrd -->
  <testcase classname="MyTestCases" name="thisisToTestTheCurrency" time="0.0">
    <ignored/>
  </testcase> <!-- thisisToTestTheCurrency -->
</testsuite> <!-- Default test -->
