<?xml version="1.0" encoding="UTF-8"?>
<testng-results ignored="0" total="2" passed="2" failed="0" skipped="0">
  <reporter-output>
  </reporter-output>
  <suite started-at="2023-12-04T11:37:43 EET" name="Default suite" finished-at="2023-12-04T11:37:51 EET" duration-ms="8002">
    <groups>
    </groups>
    <test started-at="2023-12-04T11:37:43 EET" name="Default test" finished-at="2023-12-04T11:37:51 EET" duration-ms="8002">
      <class name="MyTestCases">
        <test-method is-config="true" signature="myBeforeTest()[pri:0, instance:MyTestCases@5ad10c1a]" started-at="2023-12-04T11:37:43 EET" name="myBeforeTest" finished-at="2023-12-04T11:37:50 EET" duration-ms="6463" status="PASS">
          <reporter-output>
          </reporter-output>
        </test-method> <!-- myBeforeTest -->
        <test-method signature="checktheLanguage()[pri:0, instance:MyTestCases@5ad10c1a]" started-at="2023-12-04T11:37:50 EET" name="checktheLanguage" finished-at="2023-12-04T11:37:51 EET" duration-ms="1290" status="PASS">
          <reporter-output>
          </reporter-output>
        </test-method> <!-- checktheLanguage -->
        <test-method signature="thisisToTestTheCurrency()[pri:0, instance:MyTestCases@5ad10c1a]" started-at="2023-12-04T11:37:51 EET" name="thisisToTestTheCurrency" finished-at="2023-12-04T11:37:51 EET" duration-ms="109" status="PASS">
          <reporter-output>
          </reporter-output>
        </test-method> <!-- thisisToTestTheCurrency -->
        <test-method is-config="true" signature="myAfterTest()[pri:0, instance:MyTestCases@5ad10c1a]" started-at="2023-12-04T11:37:51 EET" name="myAfterTest" finished-at="2023-12-04T11:37:51 EET" duration-ms="2" status="PASS">
          <reporter-output>
          </reporter-output>
        </test-method> <!-- myAfterTest -->
      </class> <!-- MyTestCases -->
    </test> <!-- Default test -->
  </suite> <!-- Default suite -->
</testng-results>
